#-----------------------------------------------------------
# Vivado v2018.3 (64-bit)
# SW Build 2405991 on Thu Dec  6 23:38:27 MST 2018
# IP Build 2404404 on Fri Dec  7 01:43:56 MST 2018
# Start of session at: Thu May 11 19:27:16 2023
# Process ID: 18176
# Current directory: C:/Users/MOMIJI/Documents/VIVADO_FPGA_Project/FW
# Command line: vivado.exe -gui_launcher_event rodinguilauncherevent16292 C:\Users\MOMIJI\Documents\VIVADO_FPGA_Project\FW\FW.xpr
# Log file: C:/Users/MOMIJI/Documents/VIVADO_FPGA_Project/FW/vivado.log
# Journal file: C:/Users/MOMIJI/Documents/VIVADO_FPGA_Project/FW\vivado.jou
#-----------------------------------------------------------
start_gui
open_project C:/Users/MOMIJI/Documents/VIVADO_FPGA_Project/FW/FW.xpr
Scanning sources...
Finished scanning sources
INFO: [IP_Flow 19-234] Refreshing IP repositories
INFO: [IP_Flow 19-1704] No user IP repositories specified
INFO: [IP_Flow 19-2313] Loaded Vivado IP repository 'C:/Xilinx/Vivado/2018.3/data/ip'.
open_project: Time (s): cpu = 00:00:04 ; elapsed = 00:00:06 . Memory (MB): peak = 744.539 ; gain = 97.020
update_compile_order -fileset sources_1
exit
INFO: [Common 17-206] Exiting Vivado at Thu May 11 19:27:44 2023...
